INFO [2024-11-29 13:52:23] [[1]]
INFO [2024-11-29 13:52:23] x
INFO [2024-11-29 13:52:23] 
INFO [2024-11-29 13:52:23] $filename
INFO [2024-11-29 13:52:23] paste0(vd_path, "/", name, "_venn.png")
INFO [2024-11-29 13:52:23] 
INFO [2024-11-29 13:52:23] $output
INFO [2024-11-29 13:52:23] [1] TRUE
INFO [2024-11-29 13:52:23] 
INFO [2024-11-29 13:52:23] $lwd
INFO [2024-11-29 13:52:23] [1] 2
INFO [2024-11-29 13:52:23] 
INFO [2024-11-29 13:52:23] $lty
INFO [2024-11-29 13:52:23] [1] "blank"
INFO [2024-11-29 13:52:23] 
INFO [2024-11-29 13:52:23] $fill
INFO [2024-11-29 13:52:23] c("#d73027", "#fee090", "#4575b4")
INFO [2024-11-29 13:52:23] 
INFO [2024-11-29 13:52:23] $cex
INFO [2024-11-29 13:52:23] [1] 2
INFO [2024-11-29 13:52:23] 
INFO [2024-11-29 13:52:23] $fontfamily
INFO [2024-11-29 13:52:23] [1] "sans"
INFO [2024-11-29 13:52:23] 
INFO [2024-11-29 13:52:23] $cat.fontface
INFO [2024-11-29 13:52:23] [1] "bold"
INFO [2024-11-29 13:52:23] 
INFO [2024-11-29 13:52:23] $cat.fontfamily
INFO [2024-11-29 13:52:23] [1] "sans"
INFO [2024-11-29 13:52:23] 
INFO [2024-11-29 13:52:23] $cat.default.pos
INFO [2024-11-29 13:52:23] [1] "outer"
INFO [2024-11-29 13:52:23] 
INFO [2024-11-29 13:52:23] $cat.pos
INFO [2024-11-29 13:52:23] c(-27, 27, 135)
INFO [2024-11-29 13:52:23] 
