INFO [2024-12-02 12:04:51] [[1]]
INFO [2024-12-02 12:04:51] x
INFO [2024-12-02 12:04:51] 
INFO [2024-12-02 12:04:51] $filename
INFO [2024-12-02 12:04:51] paste0(vd_path, "/", name, "_venn_nonames.png")
INFO [2024-12-02 12:04:51] 
INFO [2024-12-02 12:04:51] $output
INFO [2024-12-02 12:04:51] [1] TRUE
INFO [2024-12-02 12:04:51] 
INFO [2024-12-02 12:04:51] $lwd
INFO [2024-12-02 12:04:51] [1] 2
INFO [2024-12-02 12:04:51] 
INFO [2024-12-02 12:04:51] $lty
INFO [2024-12-02 12:04:51] [1] "blank"
INFO [2024-12-02 12:04:51] 
INFO [2024-12-02 12:04:51] $fill
INFO [2024-12-02 12:04:51] c("#d73027", "#fee090", "#4575b4")
INFO [2024-12-02 12:04:51] 
INFO [2024-12-02 12:04:51] $cex
INFO [2024-12-02 12:04:51] [1] 2
INFO [2024-12-02 12:04:51] 
INFO [2024-12-02 12:04:51] $fontfamily
INFO [2024-12-02 12:04:51] [1] "sans"
INFO [2024-12-02 12:04:51] 
INFO [2024-12-02 12:04:51] $cat.cex
INFO [2024-12-02 12:04:51] [1] 0
INFO [2024-12-02 12:04:51] 
INFO [2024-12-02 12:04:51] $cat.default.pos
INFO [2024-12-02 12:04:51] [1] "outer"
INFO [2024-12-02 12:04:51] 
INFO [2024-12-02 12:04:51] $cat.pos
INFO [2024-12-02 12:04:51] c(-27, 27, 135)
INFO [2024-12-02 12:04:51] 
