INFO [2024-11-29 13:52:22] [[1]]
INFO [2024-11-29 13:52:22] x
INFO [2024-11-29 13:52:22] 
INFO [2024-11-29 13:52:22] $filename
INFO [2024-11-29 13:52:22] paste0(vd_path, "/", name, "_venn.png")
INFO [2024-11-29 13:52:22] 
INFO [2024-11-29 13:52:22] $output
INFO [2024-11-29 13:52:22] [1] TRUE
INFO [2024-11-29 13:52:22] 
INFO [2024-11-29 13:52:22] $lwd
INFO [2024-11-29 13:52:22] [1] 2
INFO [2024-11-29 13:52:22] 
INFO [2024-11-29 13:52:22] $lty
INFO [2024-11-29 13:52:22] [1] "blank"
INFO [2024-11-29 13:52:22] 
INFO [2024-11-29 13:52:22] $fill
INFO [2024-11-29 13:52:22] c("#d73027", "#fee090", "#4575b4")
INFO [2024-11-29 13:52:22] 
INFO [2024-11-29 13:52:22] $cex
INFO [2024-11-29 13:52:22] [1] 2
INFO [2024-11-29 13:52:22] 
INFO [2024-11-29 13:52:22] $fontfamily
INFO [2024-11-29 13:52:22] [1] "sans"
INFO [2024-11-29 13:52:22] 
INFO [2024-11-29 13:52:22] $cat.fontface
INFO [2024-11-29 13:52:22] [1] "bold"
INFO [2024-11-29 13:52:22] 
INFO [2024-11-29 13:52:22] $cat.fontfamily
INFO [2024-11-29 13:52:22] [1] "sans"
INFO [2024-11-29 13:52:22] 
INFO [2024-11-29 13:52:22] $cat.default.pos
INFO [2024-11-29 13:52:22] [1] "outer"
INFO [2024-11-29 13:52:22] 
INFO [2024-11-29 13:52:22] $cat.pos
INFO [2024-11-29 13:52:22] c(-27, 27, 135)
INFO [2024-11-29 13:52:22] 
