INFO [2024-12-02 12:04:47] [[1]]
INFO [2024-12-02 12:04:47] x
INFO [2024-12-02 12:04:47] 
INFO [2024-12-02 12:04:47] $filename
INFO [2024-12-02 12:04:47] paste0(vd_path, "/", name, "_venn.png")
INFO [2024-12-02 12:04:47] 
INFO [2024-12-02 12:04:47] $output
INFO [2024-12-02 12:04:47] [1] TRUE
INFO [2024-12-02 12:04:47] 
INFO [2024-12-02 12:04:47] $lwd
INFO [2024-12-02 12:04:47] [1] 2
INFO [2024-12-02 12:04:47] 
INFO [2024-12-02 12:04:47] $lty
INFO [2024-12-02 12:04:47] [1] "blank"
INFO [2024-12-02 12:04:47] 
INFO [2024-12-02 12:04:47] $fill
INFO [2024-12-02 12:04:47] c("#d73027", "#fee090", "#4575b4")
INFO [2024-12-02 12:04:47] 
INFO [2024-12-02 12:04:47] $cex
INFO [2024-12-02 12:04:47] [1] 2
INFO [2024-12-02 12:04:47] 
INFO [2024-12-02 12:04:47] $fontfamily
INFO [2024-12-02 12:04:47] [1] "sans"
INFO [2024-12-02 12:04:47] 
INFO [2024-12-02 12:04:47] $cat.fontface
INFO [2024-12-02 12:04:47] [1] "bold"
INFO [2024-12-02 12:04:47] 
INFO [2024-12-02 12:04:47] $cat.fontfamily
INFO [2024-12-02 12:04:47] [1] "sans"
INFO [2024-12-02 12:04:47] 
INFO [2024-12-02 12:04:47] $cat.default.pos
INFO [2024-12-02 12:04:47] [1] "outer"
INFO [2024-12-02 12:04:47] 
INFO [2024-12-02 12:04:47] $cat.pos
INFO [2024-12-02 12:04:47] c(-27, 27, 135)
INFO [2024-12-02 12:04:47] 
