INFO [2024-12-02 12:01:53] [[1]]
INFO [2024-12-02 12:01:53] x
INFO [2024-12-02 12:01:53] 
INFO [2024-12-02 12:01:53] $filename
INFO [2024-12-02 12:01:53] paste0(vd_path, "/", name, "_venn.png")
INFO [2024-12-02 12:01:53] 
INFO [2024-12-02 12:01:53] $output
INFO [2024-12-02 12:01:53] [1] TRUE
INFO [2024-12-02 12:01:53] 
INFO [2024-12-02 12:01:53] $lwd
INFO [2024-12-02 12:01:53] [1] 2
INFO [2024-12-02 12:01:53] 
INFO [2024-12-02 12:01:53] $lty
INFO [2024-12-02 12:01:53] [1] "blank"
INFO [2024-12-02 12:01:53] 
INFO [2024-12-02 12:01:53] $fill
INFO [2024-12-02 12:01:53] c("#d73027", "#fee090", "#4575b4")
INFO [2024-12-02 12:01:53] 
INFO [2024-12-02 12:01:53] $cex
INFO [2024-12-02 12:01:53] [1] 2
INFO [2024-12-02 12:01:53] 
INFO [2024-12-02 12:01:53] $fontfamily
INFO [2024-12-02 12:01:53] [1] "sans"
INFO [2024-12-02 12:01:53] 
INFO [2024-12-02 12:01:53] $cat.fontface
INFO [2024-12-02 12:01:53] [1] "bold"
INFO [2024-12-02 12:01:53] 
INFO [2024-12-02 12:01:53] $cat.fontfamily
INFO [2024-12-02 12:01:53] [1] "sans"
INFO [2024-12-02 12:01:53] 
INFO [2024-12-02 12:01:53] $cat.default.pos
INFO [2024-12-02 12:01:53] [1] "outer"
INFO [2024-12-02 12:01:53] 
INFO [2024-12-02 12:01:53] $cat.pos
INFO [2024-12-02 12:01:53] c(-27, 27, 135)
INFO [2024-12-02 12:01:53] 
