INFO [2024-12-02 12:01:54] [[1]]
INFO [2024-12-02 12:01:54] x
INFO [2024-12-02 12:01:54] 
INFO [2024-12-02 12:01:54] $filename
INFO [2024-12-02 12:01:54] paste0(vd_path, "/", name, "_venn.png")
INFO [2024-12-02 12:01:54] 
INFO [2024-12-02 12:01:54] $output
INFO [2024-12-02 12:01:54] [1] TRUE
INFO [2024-12-02 12:01:54] 
INFO [2024-12-02 12:01:54] $lwd
INFO [2024-12-02 12:01:54] [1] 2
INFO [2024-12-02 12:01:54] 
INFO [2024-12-02 12:01:54] $lty
INFO [2024-12-02 12:01:54] [1] "blank"
INFO [2024-12-02 12:01:54] 
INFO [2024-12-02 12:01:54] $fill
INFO [2024-12-02 12:01:54] c("#d73027", "#fee090", "#4575b4")
INFO [2024-12-02 12:01:54] 
INFO [2024-12-02 12:01:54] $cex
INFO [2024-12-02 12:01:54] [1] 2
INFO [2024-12-02 12:01:54] 
INFO [2024-12-02 12:01:54] $fontfamily
INFO [2024-12-02 12:01:54] [1] "sans"
INFO [2024-12-02 12:01:54] 
INFO [2024-12-02 12:01:54] $cat.fontface
INFO [2024-12-02 12:01:54] [1] "bold"
INFO [2024-12-02 12:01:54] 
INFO [2024-12-02 12:01:54] $cat.fontfamily
INFO [2024-12-02 12:01:54] [1] "sans"
INFO [2024-12-02 12:01:54] 
INFO [2024-12-02 12:01:54] $cat.default.pos
INFO [2024-12-02 12:01:54] [1] "outer"
INFO [2024-12-02 12:01:54] 
INFO [2024-12-02 12:01:54] $cat.pos
INFO [2024-12-02 12:01:54] c(-27, 27, 135)
INFO [2024-12-02 12:01:54] 
