INFO [2024-12-02 12:04:44] [[1]]
INFO [2024-12-02 12:04:44] x
INFO [2024-12-02 12:04:44] 
INFO [2024-12-02 12:04:44] $filename
INFO [2024-12-02 12:04:44] paste0(vd_path, "/", name, "_venn.png")
INFO [2024-12-02 12:04:44] 
INFO [2024-12-02 12:04:44] $output
INFO [2024-12-02 12:04:44] [1] TRUE
INFO [2024-12-02 12:04:44] 
INFO [2024-12-02 12:04:44] $lwd
INFO [2024-12-02 12:04:44] [1] 2
INFO [2024-12-02 12:04:44] 
INFO [2024-12-02 12:04:44] $lty
INFO [2024-12-02 12:04:44] [1] "blank"
INFO [2024-12-02 12:04:44] 
INFO [2024-12-02 12:04:44] $fill
INFO [2024-12-02 12:04:44] c("#d73027", "#fee090", "#4575b4")
INFO [2024-12-02 12:04:44] 
INFO [2024-12-02 12:04:44] $cex
INFO [2024-12-02 12:04:44] [1] 2
INFO [2024-12-02 12:04:44] 
INFO [2024-12-02 12:04:44] $fontfamily
INFO [2024-12-02 12:04:44] [1] "sans"
INFO [2024-12-02 12:04:44] 
INFO [2024-12-02 12:04:44] $cat.fontface
INFO [2024-12-02 12:04:44] [1] "bold"
INFO [2024-12-02 12:04:44] 
INFO [2024-12-02 12:04:44] $cat.fontfamily
INFO [2024-12-02 12:04:44] [1] "sans"
INFO [2024-12-02 12:04:44] 
INFO [2024-12-02 12:04:44] $cat.default.pos
INFO [2024-12-02 12:04:44] [1] "outer"
INFO [2024-12-02 12:04:44] 
INFO [2024-12-02 12:04:44] $cat.pos
INFO [2024-12-02 12:04:44] c(-27, 27, 135)
INFO [2024-12-02 12:04:44] 
