INFO [2024-11-29 13:52:20] [[1]]
INFO [2024-11-29 13:52:20] x
INFO [2024-11-29 13:52:20] 
INFO [2024-11-29 13:52:20] $filename
INFO [2024-11-29 13:52:20] paste0(vd_path, "/", name, "_venn.png")
INFO [2024-11-29 13:52:20] 
INFO [2024-11-29 13:52:20] $output
INFO [2024-11-29 13:52:20] [1] TRUE
INFO [2024-11-29 13:52:20] 
INFO [2024-11-29 13:52:20] $lwd
INFO [2024-11-29 13:52:20] [1] 2
INFO [2024-11-29 13:52:20] 
INFO [2024-11-29 13:52:20] $lty
INFO [2024-11-29 13:52:20] [1] "blank"
INFO [2024-11-29 13:52:20] 
INFO [2024-11-29 13:52:20] $fill
INFO [2024-11-29 13:52:20] c("#d73027", "#fee090", "#4575b4")
INFO [2024-11-29 13:52:20] 
INFO [2024-11-29 13:52:20] $cex
INFO [2024-11-29 13:52:20] [1] 2
INFO [2024-11-29 13:52:20] 
INFO [2024-11-29 13:52:20] $fontfamily
INFO [2024-11-29 13:52:20] [1] "sans"
INFO [2024-11-29 13:52:20] 
INFO [2024-11-29 13:52:20] $cat.fontface
INFO [2024-11-29 13:52:20] [1] "bold"
INFO [2024-11-29 13:52:20] 
INFO [2024-11-29 13:52:20] $cat.fontfamily
INFO [2024-11-29 13:52:20] [1] "sans"
INFO [2024-11-29 13:52:20] 
INFO [2024-11-29 13:52:20] $cat.default.pos
INFO [2024-11-29 13:52:20] [1] "outer"
INFO [2024-11-29 13:52:20] 
INFO [2024-11-29 13:52:20] $cat.pos
INFO [2024-11-29 13:52:20] c(-27, 27, 135)
INFO [2024-11-29 13:52:20] 
