INFO [2024-12-02 12:01:50] [[1]]
INFO [2024-12-02 12:01:50] x
INFO [2024-12-02 12:01:50] 
INFO [2024-12-02 12:01:50] $filename
INFO [2024-12-02 12:01:50] paste0(vd_path, "/", name, "_venn.png")
INFO [2024-12-02 12:01:50] 
INFO [2024-12-02 12:01:50] $output
INFO [2024-12-02 12:01:50] [1] TRUE
INFO [2024-12-02 12:01:50] 
INFO [2024-12-02 12:01:50] $lwd
INFO [2024-12-02 12:01:50] [1] 2
INFO [2024-12-02 12:01:50] 
INFO [2024-12-02 12:01:50] $lty
INFO [2024-12-02 12:01:50] [1] "blank"
INFO [2024-12-02 12:01:50] 
INFO [2024-12-02 12:01:50] $fill
INFO [2024-12-02 12:01:50] c("#d73027", "#fee090", "#4575b4")
INFO [2024-12-02 12:01:50] 
INFO [2024-12-02 12:01:50] $cex
INFO [2024-12-02 12:01:50] [1] 2
INFO [2024-12-02 12:01:50] 
INFO [2024-12-02 12:01:50] $fontfamily
INFO [2024-12-02 12:01:50] [1] "sans"
INFO [2024-12-02 12:01:50] 
INFO [2024-12-02 12:01:50] $cat.fontface
INFO [2024-12-02 12:01:50] [1] "bold"
INFO [2024-12-02 12:01:50] 
INFO [2024-12-02 12:01:50] $cat.fontfamily
INFO [2024-12-02 12:01:50] [1] "sans"
INFO [2024-12-02 12:01:50] 
INFO [2024-12-02 12:01:50] $cat.default.pos
INFO [2024-12-02 12:01:50] [1] "outer"
INFO [2024-12-02 12:01:50] 
INFO [2024-12-02 12:01:50] $cat.pos
INFO [2024-12-02 12:01:50] c(-27, 27, 135)
INFO [2024-12-02 12:01:50] 
