INFO [2024-12-02 12:04:49] [[1]]
INFO [2024-12-02 12:04:49] x
INFO [2024-12-02 12:04:49] 
INFO [2024-12-02 12:04:49] $filename
INFO [2024-12-02 12:04:49] paste0(vd_path, "/", name, "_venn_nonames.png")
INFO [2024-12-02 12:04:49] 
INFO [2024-12-02 12:04:49] $output
INFO [2024-12-02 12:04:49] [1] TRUE
INFO [2024-12-02 12:04:49] 
INFO [2024-12-02 12:04:49] $lwd
INFO [2024-12-02 12:04:49] [1] 2
INFO [2024-12-02 12:04:49] 
INFO [2024-12-02 12:04:49] $lty
INFO [2024-12-02 12:04:49] [1] "blank"
INFO [2024-12-02 12:04:49] 
INFO [2024-12-02 12:04:49] $fill
INFO [2024-12-02 12:04:49] c("#d73027", "#fee090", "#4575b4")
INFO [2024-12-02 12:04:49] 
INFO [2024-12-02 12:04:49] $cex
INFO [2024-12-02 12:04:49] [1] 2
INFO [2024-12-02 12:04:49] 
INFO [2024-12-02 12:04:49] $fontfamily
INFO [2024-12-02 12:04:49] [1] "sans"
INFO [2024-12-02 12:04:49] 
INFO [2024-12-02 12:04:49] $cat.cex
INFO [2024-12-02 12:04:49] [1] 0
INFO [2024-12-02 12:04:49] 
INFO [2024-12-02 12:04:49] $cat.default.pos
INFO [2024-12-02 12:04:49] [1] "outer"
INFO [2024-12-02 12:04:49] 
INFO [2024-12-02 12:04:49] $cat.pos
INFO [2024-12-02 12:04:49] c(-27, 27, 135)
INFO [2024-12-02 12:04:49] 
