INFO [2024-12-02 12:01:51] [[1]]
INFO [2024-12-02 12:01:51] x
INFO [2024-12-02 12:01:51] 
INFO [2024-12-02 12:01:51] $filename
INFO [2024-12-02 12:01:51] paste0(vd_path, "/", name, "_venn.png")
INFO [2024-12-02 12:01:51] 
INFO [2024-12-02 12:01:51] $output
INFO [2024-12-02 12:01:51] [1] TRUE
INFO [2024-12-02 12:01:51] 
INFO [2024-12-02 12:01:51] $lwd
INFO [2024-12-02 12:01:51] [1] 2
INFO [2024-12-02 12:01:51] 
INFO [2024-12-02 12:01:51] $lty
INFO [2024-12-02 12:01:51] [1] "blank"
INFO [2024-12-02 12:01:51] 
INFO [2024-12-02 12:01:51] $fill
INFO [2024-12-02 12:01:51] c("#d73027", "#fee090", "#4575b4")
INFO [2024-12-02 12:01:51] 
INFO [2024-12-02 12:01:51] $cex
INFO [2024-12-02 12:01:51] [1] 2
INFO [2024-12-02 12:01:51] 
INFO [2024-12-02 12:01:51] $fontfamily
INFO [2024-12-02 12:01:51] [1] "sans"
INFO [2024-12-02 12:01:51] 
INFO [2024-12-02 12:01:51] $cat.fontface
INFO [2024-12-02 12:01:51] [1] "bold"
INFO [2024-12-02 12:01:51] 
INFO [2024-12-02 12:01:51] $cat.fontfamily
INFO [2024-12-02 12:01:51] [1] "sans"
INFO [2024-12-02 12:01:51] 
INFO [2024-12-02 12:01:51] $cat.default.pos
INFO [2024-12-02 12:01:51] [1] "outer"
INFO [2024-12-02 12:01:51] 
INFO [2024-12-02 12:01:51] $cat.pos
INFO [2024-12-02 12:01:51] c(-27, 27, 135)
INFO [2024-12-02 12:01:51] 
