INFO [2024-11-29 13:54:20] [[1]]
INFO [2024-11-29 13:54:20] x
INFO [2024-11-29 13:54:20] 
INFO [2024-11-29 13:54:20] $filename
INFO [2024-11-29 13:54:20] paste0(vd_path, "/", name, "_venn_nonames.png")
INFO [2024-11-29 13:54:20] 
INFO [2024-11-29 13:54:20] $output
INFO [2024-11-29 13:54:20] [1] TRUE
INFO [2024-11-29 13:54:20] 
INFO [2024-11-29 13:54:20] $lwd
INFO [2024-11-29 13:54:20] [1] 2
INFO [2024-11-29 13:54:20] 
INFO [2024-11-29 13:54:20] $lty
INFO [2024-11-29 13:54:20] [1] "blank"
INFO [2024-11-29 13:54:20] 
INFO [2024-11-29 13:54:20] $fill
INFO [2024-11-29 13:54:20] c("#d73027", "#fee090", "#4575b4")
INFO [2024-11-29 13:54:20] 
INFO [2024-11-29 13:54:20] $cex
INFO [2024-11-29 13:54:20] [1] 2
INFO [2024-11-29 13:54:20] 
INFO [2024-11-29 13:54:20] $fontfamily
INFO [2024-11-29 13:54:20] [1] "sans"
INFO [2024-11-29 13:54:20] 
INFO [2024-11-29 13:54:20] $cat.cex
INFO [2024-11-29 13:54:20] [1] 0
INFO [2024-11-29 13:54:20] 
INFO [2024-11-29 13:54:20] $cat.default.pos
INFO [2024-11-29 13:54:20] [1] "outer"
INFO [2024-11-29 13:54:20] 
INFO [2024-11-29 13:54:20] $cat.pos
INFO [2024-11-29 13:54:20] c(-27, 27, 135)
INFO [2024-11-29 13:54:20] 
