INFO [2024-12-02 12:04:48] [[1]]
INFO [2024-12-02 12:04:48] x
INFO [2024-12-02 12:04:48] 
INFO [2024-12-02 12:04:48] $filename
INFO [2024-12-02 12:04:48] paste0(vd_path, "/", name, "_venn_nonames.png")
INFO [2024-12-02 12:04:48] 
INFO [2024-12-02 12:04:48] $output
INFO [2024-12-02 12:04:48] [1] TRUE
INFO [2024-12-02 12:04:48] 
INFO [2024-12-02 12:04:48] $lwd
INFO [2024-12-02 12:04:48] [1] 2
INFO [2024-12-02 12:04:48] 
INFO [2024-12-02 12:04:48] $lty
INFO [2024-12-02 12:04:48] [1] "blank"
INFO [2024-12-02 12:04:48] 
INFO [2024-12-02 12:04:48] $fill
INFO [2024-12-02 12:04:48] c("#d73027", "#fee090", "#4575b4")
INFO [2024-12-02 12:04:48] 
INFO [2024-12-02 12:04:48] $cex
INFO [2024-12-02 12:04:48] [1] 2
INFO [2024-12-02 12:04:48] 
INFO [2024-12-02 12:04:48] $fontfamily
INFO [2024-12-02 12:04:48] [1] "sans"
INFO [2024-12-02 12:04:48] 
INFO [2024-12-02 12:04:48] $cat.cex
INFO [2024-12-02 12:04:48] [1] 0
INFO [2024-12-02 12:04:48] 
INFO [2024-12-02 12:04:48] $cat.default.pos
INFO [2024-12-02 12:04:48] [1] "outer"
INFO [2024-12-02 12:04:48] 
INFO [2024-12-02 12:04:48] $cat.pos
INFO [2024-12-02 12:04:48] c(-27, 27, 135)
INFO [2024-12-02 12:04:48] 
