INFO [2024-12-02 12:04:45] [[1]]
INFO [2024-12-02 12:04:45] x
INFO [2024-12-02 12:04:45] 
INFO [2024-12-02 12:04:45] $filename
INFO [2024-12-02 12:04:45] paste0(vd_path, "/", name, "_venn.png")
INFO [2024-12-02 12:04:45] 
INFO [2024-12-02 12:04:45] $output
INFO [2024-12-02 12:04:45] [1] TRUE
INFO [2024-12-02 12:04:45] 
INFO [2024-12-02 12:04:45] $lwd
INFO [2024-12-02 12:04:45] [1] 2
INFO [2024-12-02 12:04:45] 
INFO [2024-12-02 12:04:45] $lty
INFO [2024-12-02 12:04:45] [1] "blank"
INFO [2024-12-02 12:04:45] 
INFO [2024-12-02 12:04:45] $fill
INFO [2024-12-02 12:04:45] c("#d73027", "#fee090", "#4575b4")
INFO [2024-12-02 12:04:45] 
INFO [2024-12-02 12:04:45] $cex
INFO [2024-12-02 12:04:45] [1] 2
INFO [2024-12-02 12:04:45] 
INFO [2024-12-02 12:04:45] $fontfamily
INFO [2024-12-02 12:04:45] [1] "sans"
INFO [2024-12-02 12:04:45] 
INFO [2024-12-02 12:04:45] $cat.fontface
INFO [2024-12-02 12:04:45] [1] "bold"
INFO [2024-12-02 12:04:45] 
INFO [2024-12-02 12:04:45] $cat.fontfamily
INFO [2024-12-02 12:04:45] [1] "sans"
INFO [2024-12-02 12:04:45] 
INFO [2024-12-02 12:04:45] $cat.default.pos
INFO [2024-12-02 12:04:45] [1] "outer"
INFO [2024-12-02 12:04:45] 
INFO [2024-12-02 12:04:45] $cat.pos
INFO [2024-12-02 12:04:45] c(-27, 27, 135)
INFO [2024-12-02 12:04:45] 
