INFO [2024-11-29 13:54:22] [[1]]
INFO [2024-11-29 13:54:22] x
INFO [2024-11-29 13:54:22] 
INFO [2024-11-29 13:54:22] $filename
INFO [2024-11-29 13:54:22] paste0(vd_path, "/", name, "_venn_nonames.png")
INFO [2024-11-29 13:54:22] 
INFO [2024-11-29 13:54:22] $output
INFO [2024-11-29 13:54:22] [1] TRUE
INFO [2024-11-29 13:54:22] 
INFO [2024-11-29 13:54:22] $lwd
INFO [2024-11-29 13:54:22] [1] 2
INFO [2024-11-29 13:54:22] 
INFO [2024-11-29 13:54:22] $lty
INFO [2024-11-29 13:54:22] [1] "blank"
INFO [2024-11-29 13:54:22] 
INFO [2024-11-29 13:54:22] $fill
INFO [2024-11-29 13:54:22] c("#d73027", "#fee090", "#4575b4")
INFO [2024-11-29 13:54:22] 
INFO [2024-11-29 13:54:22] $cex
INFO [2024-11-29 13:54:22] [1] 2
INFO [2024-11-29 13:54:22] 
INFO [2024-11-29 13:54:22] $fontfamily
INFO [2024-11-29 13:54:22] [1] "sans"
INFO [2024-11-29 13:54:22] 
INFO [2024-11-29 13:54:22] $cat.cex
INFO [2024-11-29 13:54:22] [1] 0
INFO [2024-11-29 13:54:22] 
INFO [2024-11-29 13:54:22] $cat.default.pos
INFO [2024-11-29 13:54:22] [1] "outer"
INFO [2024-11-29 13:54:22] 
INFO [2024-11-29 13:54:22] $cat.pos
INFO [2024-11-29 13:54:22] c(-27, 27, 135)
INFO [2024-11-29 13:54:22] 
