INFO [2024-12-02 12:01:52] [[1]]
INFO [2024-12-02 12:01:52] x
INFO [2024-12-02 12:01:52] 
INFO [2024-12-02 12:01:52] $filename
INFO [2024-12-02 12:01:52] paste0(vd_path, "/", name, "_venn.png")
INFO [2024-12-02 12:01:52] 
INFO [2024-12-02 12:01:52] $output
INFO [2024-12-02 12:01:52] [1] TRUE
INFO [2024-12-02 12:01:52] 
INFO [2024-12-02 12:01:52] $lwd
INFO [2024-12-02 12:01:52] [1] 2
INFO [2024-12-02 12:01:52] 
INFO [2024-12-02 12:01:52] $lty
INFO [2024-12-02 12:01:52] [1] "blank"
INFO [2024-12-02 12:01:52] 
INFO [2024-12-02 12:01:52] $fill
INFO [2024-12-02 12:01:52] c("#d73027", "#fee090", "#4575b4")
INFO [2024-12-02 12:01:52] 
INFO [2024-12-02 12:01:52] $cex
INFO [2024-12-02 12:01:52] [1] 2
INFO [2024-12-02 12:01:52] 
INFO [2024-12-02 12:01:52] $fontfamily
INFO [2024-12-02 12:01:52] [1] "sans"
INFO [2024-12-02 12:01:52] 
INFO [2024-12-02 12:01:52] $cat.fontface
INFO [2024-12-02 12:01:52] [1] "bold"
INFO [2024-12-02 12:01:52] 
INFO [2024-12-02 12:01:52] $cat.fontfamily
INFO [2024-12-02 12:01:52] [1] "sans"
INFO [2024-12-02 12:01:52] 
INFO [2024-12-02 12:01:52] $cat.default.pos
INFO [2024-12-02 12:01:52] [1] "outer"
INFO [2024-12-02 12:01:52] 
INFO [2024-12-02 12:01:52] $cat.pos
INFO [2024-12-02 12:01:52] c(-27, 27, 135)
INFO [2024-12-02 12:01:52] 
