INFO [2024-11-29 13:54:21] [[1]]
INFO [2024-11-29 13:54:21] x
INFO [2024-11-29 13:54:21] 
INFO [2024-11-29 13:54:21] $filename
INFO [2024-11-29 13:54:21] paste0(vd_path, "/", name, "_venn_nonames.png")
INFO [2024-11-29 13:54:21] 
INFO [2024-11-29 13:54:21] $output
INFO [2024-11-29 13:54:21] [1] TRUE
INFO [2024-11-29 13:54:21] 
INFO [2024-11-29 13:54:21] $lwd
INFO [2024-11-29 13:54:21] [1] 2
INFO [2024-11-29 13:54:21] 
INFO [2024-11-29 13:54:21] $lty
INFO [2024-11-29 13:54:21] [1] "blank"
INFO [2024-11-29 13:54:21] 
INFO [2024-11-29 13:54:21] $fill
INFO [2024-11-29 13:54:21] c("#d73027", "#fee090", "#4575b4")
INFO [2024-11-29 13:54:21] 
INFO [2024-11-29 13:54:21] $cex
INFO [2024-11-29 13:54:21] [1] 2
INFO [2024-11-29 13:54:21] 
INFO [2024-11-29 13:54:21] $fontfamily
INFO [2024-11-29 13:54:21] [1] "sans"
INFO [2024-11-29 13:54:21] 
INFO [2024-11-29 13:54:21] $cat.cex
INFO [2024-11-29 13:54:21] [1] 0
INFO [2024-11-29 13:54:21] 
INFO [2024-11-29 13:54:21] $cat.default.pos
INFO [2024-11-29 13:54:21] [1] "outer"
INFO [2024-11-29 13:54:21] 
INFO [2024-11-29 13:54:21] $cat.pos
INFO [2024-11-29 13:54:21] c(-27, 27, 135)
INFO [2024-11-29 13:54:21] 
