INFO [2024-11-29 13:52:21] [[1]]
INFO [2024-11-29 13:52:21] x
INFO [2024-11-29 13:52:21] 
INFO [2024-11-29 13:52:21] $filename
INFO [2024-11-29 13:52:21] paste0(vd_path, "/", name, "_venn.png")
INFO [2024-11-29 13:52:21] 
INFO [2024-11-29 13:52:21] $output
INFO [2024-11-29 13:52:21] [1] TRUE
INFO [2024-11-29 13:52:21] 
INFO [2024-11-29 13:52:21] $lwd
INFO [2024-11-29 13:52:21] [1] 2
INFO [2024-11-29 13:52:21] 
INFO [2024-11-29 13:52:21] $lty
INFO [2024-11-29 13:52:21] [1] "blank"
INFO [2024-11-29 13:52:21] 
INFO [2024-11-29 13:52:21] $fill
INFO [2024-11-29 13:52:21] c("#d73027", "#fee090", "#4575b4")
INFO [2024-11-29 13:52:21] 
INFO [2024-11-29 13:52:21] $cex
INFO [2024-11-29 13:52:21] [1] 2
INFO [2024-11-29 13:52:21] 
INFO [2024-11-29 13:52:21] $fontfamily
INFO [2024-11-29 13:52:21] [1] "sans"
INFO [2024-11-29 13:52:21] 
INFO [2024-11-29 13:52:21] $cat.fontface
INFO [2024-11-29 13:52:21] [1] "bold"
INFO [2024-11-29 13:52:21] 
INFO [2024-11-29 13:52:21] $cat.fontfamily
INFO [2024-11-29 13:52:21] [1] "sans"
INFO [2024-11-29 13:52:21] 
INFO [2024-11-29 13:52:21] $cat.default.pos
INFO [2024-11-29 13:52:21] [1] "outer"
INFO [2024-11-29 13:52:21] 
INFO [2024-11-29 13:52:21] $cat.pos
INFO [2024-11-29 13:52:21] c(-27, 27, 135)
INFO [2024-11-29 13:52:21] 
