INFO [2024-12-02 12:04:50] [[1]]
INFO [2024-12-02 12:04:50] x
INFO [2024-12-02 12:04:50] 
INFO [2024-12-02 12:04:50] $filename
INFO [2024-12-02 12:04:50] paste0(vd_path, "/", name, "_venn_nonames.png")
INFO [2024-12-02 12:04:50] 
INFO [2024-12-02 12:04:50] $output
INFO [2024-12-02 12:04:50] [1] TRUE
INFO [2024-12-02 12:04:50] 
INFO [2024-12-02 12:04:50] $lwd
INFO [2024-12-02 12:04:50] [1] 2
INFO [2024-12-02 12:04:50] 
INFO [2024-12-02 12:04:50] $lty
INFO [2024-12-02 12:04:50] [1] "blank"
INFO [2024-12-02 12:04:50] 
INFO [2024-12-02 12:04:50] $fill
INFO [2024-12-02 12:04:50] c("#d73027", "#fee090", "#4575b4")
INFO [2024-12-02 12:04:50] 
INFO [2024-12-02 12:04:50] $cex
INFO [2024-12-02 12:04:50] [1] 2
INFO [2024-12-02 12:04:50] 
INFO [2024-12-02 12:04:50] $fontfamily
INFO [2024-12-02 12:04:50] [1] "sans"
INFO [2024-12-02 12:04:50] 
INFO [2024-12-02 12:04:50] $cat.cex
INFO [2024-12-02 12:04:50] [1] 0
INFO [2024-12-02 12:04:50] 
INFO [2024-12-02 12:04:50] $cat.default.pos
INFO [2024-12-02 12:04:50] [1] "outer"
INFO [2024-12-02 12:04:50] 
INFO [2024-12-02 12:04:50] $cat.pos
INFO [2024-12-02 12:04:50] c(-27, 27, 135)
INFO [2024-12-02 12:04:50] 
