INFO [2024-12-02 12:04:46] [[1]]
INFO [2024-12-02 12:04:46] x
INFO [2024-12-02 12:04:46] 
INFO [2024-12-02 12:04:46] $filename
INFO [2024-12-02 12:04:46] paste0(vd_path, "/", name, "_venn.png")
INFO [2024-12-02 12:04:46] 
INFO [2024-12-02 12:04:46] $output
INFO [2024-12-02 12:04:46] [1] TRUE
INFO [2024-12-02 12:04:46] 
INFO [2024-12-02 12:04:46] $lwd
INFO [2024-12-02 12:04:46] [1] 2
INFO [2024-12-02 12:04:46] 
INFO [2024-12-02 12:04:46] $lty
INFO [2024-12-02 12:04:46] [1] "blank"
INFO [2024-12-02 12:04:46] 
INFO [2024-12-02 12:04:46] $fill
INFO [2024-12-02 12:04:46] c("#d73027", "#fee090", "#4575b4")
INFO [2024-12-02 12:04:46] 
INFO [2024-12-02 12:04:46] $cex
INFO [2024-12-02 12:04:46] [1] 2
INFO [2024-12-02 12:04:46] 
INFO [2024-12-02 12:04:46] $fontfamily
INFO [2024-12-02 12:04:46] [1] "sans"
INFO [2024-12-02 12:04:46] 
INFO [2024-12-02 12:04:46] $cat.fontface
INFO [2024-12-02 12:04:46] [1] "bold"
INFO [2024-12-02 12:04:46] 
INFO [2024-12-02 12:04:46] $cat.fontfamily
INFO [2024-12-02 12:04:46] [1] "sans"
INFO [2024-12-02 12:04:46] 
INFO [2024-12-02 12:04:46] $cat.default.pos
INFO [2024-12-02 12:04:46] [1] "outer"
INFO [2024-12-02 12:04:46] 
INFO [2024-12-02 12:04:46] $cat.pos
INFO [2024-12-02 12:04:46] c(-27, 27, 135)
INFO [2024-12-02 12:04:46] 
